<?xml version="1.0" encoding="UTF-8"?>
<!-- Generated by org.testng.reporters.JUnitReportReporter -->
<testsuite skipped="0" hostname="shaitan" name="com.qa.tests.PropertyListPageTest" tests="3" failures="0" timestamp="11 Oct 2020 20:29:57 GMT" time="9.889" errors="0">
  <testcase name="propertyListHeaderDisplayTest" time="8.936" classname="com.qa.tests.PropertyListPageTest"/>
  <testcase name="firstEnvironmentalDetailTest" time="0.886" classname="com.qa.tests.PropertyListPageTest"/>
  <testcase name="getFirstPropertyNameandNumber" time="0.067" classname="com.qa.tests.PropertyListPageTest"/>
</testsuite> <!-- com.qa.tests.PropertyListPageTest -->
