<?xml version="1.0" encoding="UTF-8"?>
<!-- Generated by org.testng.reporters.JUnitReportReporter -->
<testsuite skipped="0" hostname="shaitan" name="Tests.Actions" tests="1" failures="0" timestamp="2020-10-10T21:53:41 IST" time="9.114" errors="0">
  <testcase name="Login" time="9.114" classname="Tests.Actions"/>
  <system-out/>
</testsuite> <!-- Tests.Actions -->
