<?xml version="1.0" encoding="UTF-8"?>
<!-- Generated by org.testng.reporters.JUnitReportReporter -->
<testsuite skipped="0" hostname="shaitan" name="com.qa.tests.EnvironmentalReportAddTest" tests="1" failures="0" timestamp="11 Oct 2020 20:29:57 GMT" time="2.533" errors="0">
  <testcase name="addReport" time="2.533" classname="com.qa.tests.EnvironmentalReportAddTest"/>
</testsuite> <!-- com.qa.tests.EnvironmentalReportAddTest -->
