<?xml version="1.0" encoding="UTF-8"?>
<!-- Generated by org.testng.reporters.JUnitReportReporter -->
<testsuite skipped="0" hostname="shaitan" name="com.qa.tests.LoginPageTest" tests="2" failures="0" timestamp="11 Oct 2020 20:29:57 GMT" time="0.956" errors="0">
  <testcase name="validateLogoTest" time="0.706" classname="com.qa.tests.LoginPageTest"/>
  <testcase name="loginTest" time="0.250" classname="com.qa.tests.LoginPageTest"/>
</testsuite> <!-- com.qa.tests.LoginPageTest -->
